{"uid":"4a598e75d40b9871","name":"test_decorator_steps","fullName":"tests.test_steps#test_decorator_steps","historyId":"fd62217c3385a97c3b02a331591880c0","time":{"start":1713531641076,"stop":1713531641250,"duration":174},"status":"broken","statusMessage":"selenium.common.exceptions.SessionNotCreatedException: Message: session not created: Chrome failed to start: exited normally.\n  (session not created: DevToolsActivePort file doesn't exist)\n  (The process started from chrome location /usr/bin/google-chrome is no longer running, so ChromeDriver is assuming that Chrome has crashed.)\nStacktrace:\n#0 0x55c14a33e863 <unknown>\n#1 0x55c14a0348c6 <unknown>\n#2 0x55c14a068d34 <unknown>\n#3 0x55c14a064d3d <unknown>\n#4 0x55c14a0adaed <unknown>\n#5 0x55c14a0a1343 <unknown>\n#6 0x55c14a072593 <unknown>\n#7 0x55c14a072f5e <unknown>\n#8 0x55c14a30284b <unknown>\n#9 0x55c14a3067a5 <unknown>\n#10 0x55c14a2f0571 <unknown>\n#11 0x55c14a307332 <unknown>\n#12 0x55c14a2d587f <unknown>\n#13 0x55c14a32d728 <unknown>\n#14 0x55c14a32d8fb <unknown>\n#15 0x55c14a33d9b4 <unknown>\n#16 0x7f2d2a494ac3 <unknown>","statusTrace":"browser_management = None\n\n    def test_decorator_steps(browser_management):\n>       open_main_page()\n\ntests/test_steps.py:29: \n_ _ _ _ _ _ _ _ _ _ _ _ _ _ _ _ _ _ _ _ _ _ _ _ _ _ _ _ _ _ _ _ _ _ _ _ _ _ _ _ \ntests/test_steps.py:38: in open_main_page\n    browser.open(\"https://github.com\")\n/opt/hostedtoolcache/Python/3.12.3/x64/lib/python3.12/site-packages/selene/core/_browser.py:93: in open\n    self.config._executor.get_url(relative_or_absolute_url)\n/opt/hostedtoolcache/Python/3.12.3/x64/lib/python3.12/site-packages/selene/core/configuration.py:263: in get_url\n    self.config._driver_get_url_strategy(self.config)(url)\n/opt/hostedtoolcache/Python/3.12.3/x64/lib/python3.12/site-packages/selene/core/configuration.py:178: in get\n    driver = config.driver\n/opt/hostedtoolcache/Python/3.12.3/x64/lib/python3.12/site-packages/selene/core/configuration.py:305: in __get__\n    driver = config.build_driver_strategy(config)\n/opt/hostedtoolcache/Python/3.12.3/x64/lib/python3.12/site-packages/selene/core/configuration.py:129: in _build_local_driver_by_name_or_remote_by_url_and_options\n    return {  # type: ignore\n/opt/hostedtoolcache/Python/3.12.3/x64/lib/python3.12/site-packages/selene/core/configuration.py:66: in build_chrome\n    return Chrome(\n/opt/hostedtoolcache/Python/3.12.3/x64/lib/python3.12/site-packages/selenium/webdriver/chrome/webdriver.py:45: in __init__\n    super().__init__(\n/opt/hostedtoolcache/Python/3.12.3/x64/lib/python3.12/site-packages/selenium/webdriver/chromium/webdriver.py:61: in __init__\n    super().__init__(command_executor=executor, options=options)\n/opt/hostedtoolcache/Python/3.12.3/x64/lib/python3.12/site-packages/selenium/webdriver/remote/webdriver.py:208: in __init__\n    self.start_session(capabilities)\n/opt/hostedtoolcache/Python/3.12.3/x64/lib/python3.12/site-packages/selenium/webdriver/remote/webdriver.py:292: in start_session\n    response = self.execute(Command.NEW_SESSION, caps)[\"value\"]\n/opt/hostedtoolcache/Python/3.12.3/x64/lib/python3.12/site-packages/selenium/webdriver/remote/webdriver.py:347: in execute\n    self.error_handler.check_response(response)\n_ _ _ _ _ _ _ _ _ _ _ _ _ _ _ _ _ _ _ _ _ _ _ _ _ _ _ _ _ _ _ _ _ _ _ _ _ _ _ _ \n\nself = <selenium.webdriver.remote.errorhandler.ErrorHandler object at 0x7fd783884950>\nresponse = {'status': 500, 'value': '{\"value\":{\"error\":\"session not created\",\"message\":\"session not created: Chrome failed to sta...\\\\n#14 0x55c14a32d8fb \\\\u003Cunknown>\\\\n#15 0x55c14a33d9b4 \\\\u003Cunknown>\\\\n#16 0x7f2d2a494ac3 \\\\u003Cunknown>\\\\n\"}}'}\n\n    def check_response(self, response: Dict[str, Any]) -> None:\n        \"\"\"Checks that a JSON response from the WebDriver does not have an\n        error.\n    \n        :Args:\n         - response - The JSON response from the WebDriver server as a dictionary\n           object.\n    \n        :Raises: If the response contains an error message.\n        \"\"\"\n        status = response.get(\"status\", None)\n        if not status or status == ErrorCode.SUCCESS:\n            return\n        value = None\n        message = response.get(\"message\", \"\")\n        screen: str = response.get(\"screen\", \"\")\n        stacktrace = None\n        if isinstance(status, int):\n            value_json = response.get(\"value\", None)\n            if value_json and isinstance(value_json, str):\n                import json\n    \n                try:\n                    value = json.loads(value_json)\n                    if len(value) == 1:\n                        value = value[\"value\"]\n                    status = value.get(\"error\", None)\n                    if not status:\n                        status = value.get(\"status\", ErrorCode.UNKNOWN_ERROR)\n                        message = value.get(\"value\") or value.get(\"message\")\n                        if not isinstance(message, str):\n                            value = message\n                            message = message.get(\"message\")\n                    else:\n                        message = value.get(\"message\", None)\n                except ValueError:\n                    pass\n    \n        exception_class: Type[WebDriverException]\n        e = ErrorCode()\n        error_codes = [item for item in dir(e) if not item.startswith(\"__\")]\n        for error_code in error_codes:\n            error_info = getattr(ErrorCode, error_code)\n            if isinstance(error_info, list) and status in error_info:\n                exception_class = getattr(ExceptionMapping, error_code, WebDriverException)\n                break\n        else:\n            exception_class = WebDriverException\n    \n        if not value:\n            value = response[\"value\"]\n        if isinstance(value, str):\n            raise exception_class(value)\n        if message == \"\" and \"message\" in value:\n            message = value[\"message\"]\n    \n        screen = None  # type: ignore[assignment]\n        if \"screen\" in value:\n            screen = value[\"screen\"]\n    \n        stacktrace = None\n        st_value = value.get(\"stackTrace\") or value.get(\"stacktrace\")\n        if st_value:\n            if isinstance(st_value, str):\n                stacktrace = st_value.split(\"\\n\")\n            else:\n                stacktrace = []\n                try:\n                    for frame in st_value:\n                        line = frame.get(\"lineNumber\", \"\")\n                        file = frame.get(\"fileName\", \"<anonymous>\")\n                        if line:\n                            file = f\"{file}:{line}\"\n                        meth = frame.get(\"methodName\", \"<anonymous>\")\n                        if \"className\" in frame:\n                            meth = f\"{frame['className']}.{meth}\"\n                        msg = \"    at %s (%s)\"\n                        msg = msg % (meth, file)\n                        stacktrace.append(msg)\n                except TypeError:\n                    pass\n        if exception_class == UnexpectedAlertPresentException:\n            alert_text = None\n            if \"data\" in value:\n                alert_text = value[\"data\"].get(\"text\")\n            elif \"alert\" in value:\n                alert_text = value[\"alert\"].get(\"text\")\n            raise exception_class(message, screen, stacktrace, alert_text)  # type: ignore[call-arg]  # mypy is not smart enough here\n>       raise exception_class(message, screen, stacktrace)\nE       selenium.common.exceptions.SessionNotCreatedException: Message: session not created: Chrome failed to start: exited normally.\nE         (session not created: DevToolsActivePort file doesn't exist)\nE         (The process started from chrome location /usr/bin/google-chrome is no longer running, so ChromeDriver is assuming that Chrome has crashed.)\nE       Stacktrace:\nE       #0 0x55c14a33e863 <unknown>\nE       #1 0x55c14a0348c6 <unknown>\nE       #2 0x55c14a068d34 <unknown>\nE       #3 0x55c14a064d3d <unknown>\nE       #4 0x55c14a0adaed <unknown>\nE       #5 0x55c14a0a1343 <unknown>\nE       #6 0x55c14a072593 <unknown>\nE       #7 0x55c14a072f5e <unknown>\nE       #8 0x55c14a30284b <unknown>\nE       #9 0x55c14a3067a5 <unknown>\nE       #10 0x55c14a2f0571 <unknown>\nE       #11 0x55c14a307332 <unknown>\nE       #12 0x55c14a2d587f <unknown>\nE       #13 0x55c14a32d728 <unknown>\nE       #14 0x55c14a32d8fb <unknown>\nE       #15 0x55c14a33d9b4 <unknown>\nE       #16 0x7f2d2a494ac3 <unknown>\n\n/opt/hostedtoolcache/Python/3.12.3/x64/lib/python3.12/site-packages/selenium/webdriver/remote/errorhandler.py:229: SessionNotCreatedException","flaky":false,"newFailed":false,"newBroken":false,"newPassed":false,"retriesCount":0,"retriesStatusChange":false,"beforeStages":[{"name":"browser_management","time":{"start":1713531641075,"stop":1713531641076,"duration":1},"status":"passed","steps":[],"attachments":[],"parameters":[],"shouldDisplayMessage":false,"stepsCount":0,"attachmentsCount":0,"hasContent":false,"attachmentStep":false}],"testStage":{"status":"broken","statusMessage":"selenium.common.exceptions.SessionNotCreatedException: Message: session not created: Chrome failed to start: exited normally.\n  (session not created: DevToolsActivePort file doesn't exist)\n  (The process started from chrome location /usr/bin/google-chrome is no longer running, so ChromeDriver is assuming that Chrome has crashed.)\nStacktrace:\n#0 0x55c14a33e863 <unknown>\n#1 0x55c14a0348c6 <unknown>\n#2 0x55c14a068d34 <unknown>\n#3 0x55c14a064d3d <unknown>\n#4 0x55c14a0adaed <unknown>\n#5 0x55c14a0a1343 <unknown>\n#6 0x55c14a072593 <unknown>\n#7 0x55c14a072f5e <unknown>\n#8 0x55c14a30284b <unknown>\n#9 0x55c14a3067a5 <unknown>\n#10 0x55c14a2f0571 <unknown>\n#11 0x55c14a307332 <unknown>\n#12 0x55c14a2d587f <unknown>\n#13 0x55c14a32d728 <unknown>\n#14 0x55c14a32d8fb <unknown>\n#15 0x55c14a33d9b4 <unknown>\n#16 0x7f2d2a494ac3 <unknown>","statusTrace":"browser_management = None\n\n    def test_decorator_steps(browser_management):\n>       open_main_page()\n\ntests/test_steps.py:29: \n_ _ _ _ _ _ _ _ _ _ _ _ _ _ _ _ _ _ _ _ _ _ _ _ _ _ _ _ _ _ _ _ _ _ _ _ _ _ _ _ \ntests/test_steps.py:38: in open_main_page\n    browser.open(\"https://github.com\")\n/opt/hostedtoolcache/Python/3.12.3/x64/lib/python3.12/site-packages/selene/core/_browser.py:93: in open\n    self.config._executor.get_url(relative_or_absolute_url)\n/opt/hostedtoolcache/Python/3.12.3/x64/lib/python3.12/site-packages/selene/core/configuration.py:263: in get_url\n    self.config._driver_get_url_strategy(self.config)(url)\n/opt/hostedtoolcache/Python/3.12.3/x64/lib/python3.12/site-packages/selene/core/configuration.py:178: in get\n    driver = config.driver\n/opt/hostedtoolcache/Python/3.12.3/x64/lib/python3.12/site-packages/selene/core/configuration.py:305: in __get__\n    driver = config.build_driver_strategy(config)\n/opt/hostedtoolcache/Python/3.12.3/x64/lib/python3.12/site-packages/selene/core/configuration.py:129: in _build_local_driver_by_name_or_remote_by_url_and_options\n    return {  # type: ignore\n/opt/hostedtoolcache/Python/3.12.3/x64/lib/python3.12/site-packages/selene/core/configuration.py:66: in build_chrome\n    return Chrome(\n/opt/hostedtoolcache/Python/3.12.3/x64/lib/python3.12/site-packages/selenium/webdriver/chrome/webdriver.py:45: in __init__\n    super().__init__(\n/opt/hostedtoolcache/Python/3.12.3/x64/lib/python3.12/site-packages/selenium/webdriver/chromium/webdriver.py:61: in __init__\n    super().__init__(command_executor=executor, options=options)\n/opt/hostedtoolcache/Python/3.12.3/x64/lib/python3.12/site-packages/selenium/webdriver/remote/webdriver.py:208: in __init__\n    self.start_session(capabilities)\n/opt/hostedtoolcache/Python/3.12.3/x64/lib/python3.12/site-packages/selenium/webdriver/remote/webdriver.py:292: in start_session\n    response = self.execute(Command.NEW_SESSION, caps)[\"value\"]\n/opt/hostedtoolcache/Python/3.12.3/x64/lib/python3.12/site-packages/selenium/webdriver/remote/webdriver.py:347: in execute\n    self.error_handler.check_response(response)\n_ _ _ _ _ _ _ _ _ _ _ _ _ _ _ _ _ _ _ _ _ _ _ _ _ _ _ _ _ _ _ _ _ _ _ _ _ _ _ _ \n\nself = <selenium.webdriver.remote.errorhandler.ErrorHandler object at 0x7fd783884950>\nresponse = {'status': 500, 'value': '{\"value\":{\"error\":\"session not created\",\"message\":\"session not created: Chrome failed to sta...\\\\n#14 0x55c14a32d8fb \\\\u003Cunknown>\\\\n#15 0x55c14a33d9b4 \\\\u003Cunknown>\\\\n#16 0x7f2d2a494ac3 \\\\u003Cunknown>\\\\n\"}}'}\n\n    def check_response(self, response: Dict[str, Any]) -> None:\n        \"\"\"Checks that a JSON response from the WebDriver does not have an\n        error.\n    \n        :Args:\n         - response - The JSON response from the WebDriver server as a dictionary\n           object.\n    \n        :Raises: If the response contains an error message.\n        \"\"\"\n        status = response.get(\"status\", None)\n        if not status or status == ErrorCode.SUCCESS:\n            return\n        value = None\n        message = response.get(\"message\", \"\")\n        screen: str = response.get(\"screen\", \"\")\n        stacktrace = None\n        if isinstance(status, int):\n            value_json = response.get(\"value\", None)\n            if value_json and isinstance(value_json, str):\n                import json\n    \n                try:\n                    value = json.loads(value_json)\n                    if len(value) == 1:\n                        value = value[\"value\"]\n                    status = value.get(\"error\", None)\n                    if not status:\n                        status = value.get(\"status\", ErrorCode.UNKNOWN_ERROR)\n                        message = value.get(\"value\") or value.get(\"message\")\n                        if not isinstance(message, str):\n                            value = message\n                            message = message.get(\"message\")\n                    else:\n                        message = value.get(\"message\", None)\n                except ValueError:\n                    pass\n    \n        exception_class: Type[WebDriverException]\n        e = ErrorCode()\n        error_codes = [item for item in dir(e) if not item.startswith(\"__\")]\n        for error_code in error_codes:\n            error_info = getattr(ErrorCode, error_code)\n            if isinstance(error_info, list) and status in error_info:\n                exception_class = getattr(ExceptionMapping, error_code, WebDriverException)\n                break\n        else:\n            exception_class = WebDriverException\n    \n        if not value:\n            value = response[\"value\"]\n        if isinstance(value, str):\n            raise exception_class(value)\n        if message == \"\" and \"message\" in value:\n            message = value[\"message\"]\n    \n        screen = None  # type: ignore[assignment]\n        if \"screen\" in value:\n            screen = value[\"screen\"]\n    \n        stacktrace = None\n        st_value = value.get(\"stackTrace\") or value.get(\"stacktrace\")\n        if st_value:\n            if isinstance(st_value, str):\n                stacktrace = st_value.split(\"\\n\")\n            else:\n                stacktrace = []\n                try:\n                    for frame in st_value:\n                        line = frame.get(\"lineNumber\", \"\")\n                        file = frame.get(\"fileName\", \"<anonymous>\")\n                        if line:\n                            file = f\"{file}:{line}\"\n                        meth = frame.get(\"methodName\", \"<anonymous>\")\n                        if \"className\" in frame:\n                            meth = f\"{frame['className']}.{meth}\"\n                        msg = \"    at %s (%s)\"\n                        msg = msg % (meth, file)\n                        stacktrace.append(msg)\n                except TypeError:\n                    pass\n        if exception_class == UnexpectedAlertPresentException:\n            alert_text = None\n            if \"data\" in value:\n                alert_text = value[\"data\"].get(\"text\")\n            elif \"alert\" in value:\n                alert_text = value[\"alert\"].get(\"text\")\n            raise exception_class(message, screen, stacktrace, alert_text)  # type: ignore[call-arg]  # mypy is not smart enough here\n>       raise exception_class(message, screen, stacktrace)\nE       selenium.common.exceptions.SessionNotCreatedException: Message: session not created: Chrome failed to start: exited normally.\nE         (session not created: DevToolsActivePort file doesn't exist)\nE         (The process started from chrome location /usr/bin/google-chrome is no longer running, so ChromeDriver is assuming that Chrome has crashed.)\nE       Stacktrace:\nE       #0 0x55c14a33e863 <unknown>\nE       #1 0x55c14a0348c6 <unknown>\nE       #2 0x55c14a068d34 <unknown>\nE       #3 0x55c14a064d3d <unknown>\nE       #4 0x55c14a0adaed <unknown>\nE       #5 0x55c14a0a1343 <unknown>\nE       #6 0x55c14a072593 <unknown>\nE       #7 0x55c14a072f5e <unknown>\nE       #8 0x55c14a30284b <unknown>\nE       #9 0x55c14a3067a5 <unknown>\nE       #10 0x55c14a2f0571 <unknown>\nE       #11 0x55c14a307332 <unknown>\nE       #12 0x55c14a2d587f <unknown>\nE       #13 0x55c14a32d728 <unknown>\nE       #14 0x55c14a32d8fb <unknown>\nE       #15 0x55c14a33d9b4 <unknown>\nE       #16 0x7f2d2a494ac3 <unknown>\n\n/opt/hostedtoolcache/Python/3.12.3/x64/lib/python3.12/site-packages/selenium/webdriver/remote/errorhandler.py:229: SessionNotCreatedException","steps":[{"name":"Открываем главную страницу","time":{"start":1713531641076,"stop":1713531641249,"duration":173},"status":"broken","statusMessage":"selenium.common.exceptions.SessionNotCreatedException: Message: session not created: Chrome failed to start: exited normally.\n  (session not created: DevToolsActivePort file doesn't exist)\n  (The process started from chrome location /usr/bin/google-chrome is no longer running, so ChromeDriver is assuming that Chrome has crashed.)\nStacktrace:\n#0 0x55c14a33e863 <unknown>\n#1 0x55c14a0348c6 <unknown>\n#2 0x55c14a068d34 <unknown>\n#3 0x55c14a064d3d <unknown>\n#4 0x55c14a0adaed <unknown>\n#5 0x55c14a0a1343 <unknown>\n#6 0x55c14a072593 <unknown>\n#7 0x55c14a072f5e <unknown>\n#8 0x55c14a30284b <unknown>\n#9 0x55c14a3067a5 <unknown>\n#10 0x55c14a2f0571 <unknown>\n#11 0x55c14a307332 <unknown>\n#12 0x55c14a2d587f <unknown>\n#13 0x55c14a32d728 <unknown>\n#14 0x55c14a32d8fb <unknown>\n#15 0x55c14a33d9b4 <unknown>\n#16 0x7f2d2a494ac3 <unknown>\n\n","statusTrace":"  File \"/opt/hostedtoolcache/Python/3.12.3/x64/lib/python3.12/site-packages/allure_commons/_allure.py\", line 192, in impl\n    return func(*a, **kw)\n           ^^^^^^^^^^^^^^\n  File \"/home/runner/work/qa_guru_python_12_lesson_10_Kopy/qa_guru_python_12_lesson_10_Kopy/tests/test_steps.py\", line 38, in open_main_page\n    browser.open(\"https://github.com\")\n  File \"/opt/hostedtoolcache/Python/3.12.3/x64/lib/python3.12/site-packages/selene/core/_browser.py\", line 93, in open\n    self.config._executor.get_url(relative_or_absolute_url)\n  File \"/opt/hostedtoolcache/Python/3.12.3/x64/lib/python3.12/site-packages/selene/core/configuration.py\", line 263, in get_url\n    self.config._driver_get_url_strategy(self.config)(url)\n  File \"/opt/hostedtoolcache/Python/3.12.3/x64/lib/python3.12/site-packages/selene/core/configuration.py\", line 178, in get\n    driver = config.driver\n             ^^^^^^^^^^^^^\n  File \"/opt/hostedtoolcache/Python/3.12.3/x64/lib/python3.12/site-packages/selene/core/configuration.py\", line 305, in __get__\n    driver = config.build_driver_strategy(config)\n             ^^^^^^^^^^^^^^^^^^^^^^^^^^^^^^^^^^^^\n  File \"/opt/hostedtoolcache/Python/3.12.3/x64/lib/python3.12/site-packages/selene/core/configuration.py\", line 129, in _build_local_driver_by_name_or_remote_by_url_and_options\n    return {  # type: ignore\n           ^^^^^^^^^^^^^^^^^\n  File \"/opt/hostedtoolcache/Python/3.12.3/x64/lib/python3.12/site-packages/selene/core/configuration.py\", line 66, in build_chrome\n    return Chrome(\n           ^^^^^^^\n  File \"/opt/hostedtoolcache/Python/3.12.3/x64/lib/python3.12/site-packages/selenium/webdriver/chrome/webdriver.py\", line 45, in __init__\n    super().__init__(\n  File \"/opt/hostedtoolcache/Python/3.12.3/x64/lib/python3.12/site-packages/selenium/webdriver/chromium/webdriver.py\", line 61, in __init__\n    super().__init__(command_executor=executor, options=options)\n  File \"/opt/hostedtoolcache/Python/3.12.3/x64/lib/python3.12/site-packages/selenium/webdriver/remote/webdriver.py\", line 208, in __init__\n    self.start_session(capabilities)\n  File \"/opt/hostedtoolcache/Python/3.12.3/x64/lib/python3.12/site-packages/selenium/webdriver/remote/webdriver.py\", line 292, in start_session\n    response = self.execute(Command.NEW_SESSION, caps)[\"value\"]\n               ^^^^^^^^^^^^^^^^^^^^^^^^^^^^^^^^^^^^^^^\n  File \"/opt/hostedtoolcache/Python/3.12.3/x64/lib/python3.12/site-packages/selenium/webdriver/remote/webdriver.py\", line 347, in execute\n    self.error_handler.check_response(response)\n  File \"/opt/hostedtoolcache/Python/3.12.3/x64/lib/python3.12/site-packages/selenium/webdriver/remote/errorhandler.py\", line 229, in check_response\n    raise exception_class(message, screen, stacktrace)\n","steps":[],"attachments":[],"parameters":[],"shouldDisplayMessage":true,"stepsCount":0,"attachmentsCount":0,"hasContent":true,"attachmentStep":false}],"attachments":[],"parameters":[],"shouldDisplayMessage":true,"stepsCount":1,"attachmentsCount":0,"hasContent":true,"attachmentStep":false},"afterStages":[{"name":"browser_management::0","time":{"start":1713531641309,"stop":1713531641484,"duration":175},"status":"broken","statusMessage":"selenium.common.exceptions.SessionNotCreatedException: Message: session not created: Chrome failed to start: exited normally.\n  (session not created: DevToolsActivePort file doesn't exist)\n  (The process started from chrome location /usr/bin/google-chrome is no longer running, so ChromeDriver is assuming that Chrome has crashed.)\nStacktrace:\n#0 0x563db9291863 <unknown>\n#1 0x563db8f878c6 <unknown>\n#2 0x563db8fbbd34 <unknown>\n#3 0x563db8fb7d3d <unknown>\n#4 0x563db9000aed <unknown>\n#5 0x563db8ff4343 <unknown>\n#6 0x563db8fc5593 <unknown>\n#7 0x563db8fc5f5e <unknown>\n#8 0x563db925584b <unknown>\n#9 0x563db92597a5 <unknown>\n#10 0x563db9243571 <unknown>\n#11 0x563db925a332 <unknown>\n#12 0x563db922887f <unknown>\n#13 0x563db9280728 <unknown>\n#14 0x563db92808fb <unknown>\n#15 0x563db92909b4 <unknown>\n#16 0x7fd2e6694ac3 <unknown>\n\n","statusTrace":"  File \"/opt/hostedtoolcache/Python/3.12.3/x64/lib/python3.12/site-packages/allure_commons/_allure.py\", line 221, in __call__\n    return self._fixture_function(*args, **kwargs)\n           ^^^^^^^^^^^^^^^^^^^^^^^^^^^^^^^^^^^^^^^\n  File \"/opt/hostedtoolcache/Python/3.12.3/x64/lib/python3.12/site-packages/_pytest/fixtures.py\", line 922, in _teardown_yield_fixture\n    next(it)\n  File \"/home/runner/work/qa_guru_python_12_lesson_10_Kopy/qa_guru_python_12_lesson_10_Kopy/tests/conftest.py\", line 13, in browser_management\n    browser.quit()\n  File \"/opt/hostedtoolcache/Python/3.12.3/x64/lib/python3.12/site-packages/selene/core/_browser.py\", line 143, in quit\n    self.driver.quit()\n    ^^^^^^^^^^^\n  File \"/opt/hostedtoolcache/Python/3.12.3/x64/lib/python3.12/site-packages/selene/core/_browser.py\", line 34, in driver\n    return self.config.driver\n           ^^^^^^^^^^^^^^^^^^\n  File \"/opt/hostedtoolcache/Python/3.12.3/x64/lib/python3.12/site-packages/selene/core/configuration.py\", line 305, in __get__\n    driver = config.build_driver_strategy(config)\n             ^^^^^^^^^^^^^^^^^^^^^^^^^^^^^^^^^^^^\n  File \"/opt/hostedtoolcache/Python/3.12.3/x64/lib/python3.12/site-packages/selene/core/configuration.py\", line 129, in _build_local_driver_by_name_or_remote_by_url_and_options\n    return {  # type: ignore\n           ^^^^^^^^^^^^^^^^^\n  File \"/opt/hostedtoolcache/Python/3.12.3/x64/lib/python3.12/site-packages/selene/core/configuration.py\", line 66, in build_chrome\n    return Chrome(\n           ^^^^^^^\n  File \"/opt/hostedtoolcache/Python/3.12.3/x64/lib/python3.12/site-packages/selenium/webdriver/chrome/webdriver.py\", line 45, in __init__\n    super().__init__(\n  File \"/opt/hostedtoolcache/Python/3.12.3/x64/lib/python3.12/site-packages/selenium/webdriver/chromium/webdriver.py\", line 61, in __init__\n    super().__init__(command_executor=executor, options=options)\n  File \"/opt/hostedtoolcache/Python/3.12.3/x64/lib/python3.12/site-packages/selenium/webdriver/remote/webdriver.py\", line 208, in __init__\n    self.start_session(capabilities)\n  File \"/opt/hostedtoolcache/Python/3.12.3/x64/lib/python3.12/site-packages/selenium/webdriver/remote/webdriver.py\", line 292, in start_session\n    response = self.execute(Command.NEW_SESSION, caps)[\"value\"]\n               ^^^^^^^^^^^^^^^^^^^^^^^^^^^^^^^^^^^^^^^\n  File \"/opt/hostedtoolcache/Python/3.12.3/x64/lib/python3.12/site-packages/selenium/webdriver/remote/webdriver.py\", line 347, in execute\n    self.error_handler.check_response(response)\n  File \"/opt/hostedtoolcache/Python/3.12.3/x64/lib/python3.12/site-packages/selenium/webdriver/remote/errorhandler.py\", line 229, in check_response\n    raise exception_class(message, screen, stacktrace)\n","steps":[],"attachments":[],"parameters":[],"shouldDisplayMessage":true,"stepsCount":0,"attachmentsCount":0,"hasContent":true,"attachmentStep":false}],"labels":[{"name":"parentSuite","value":"tests"},{"name":"suite","value":"test_steps"},{"name":"host","value":"fv-az1247-691"},{"name":"thread","value":"2248-MainThread"},{"name":"framework","value":"pytest"},{"name":"language","value":"cpython3"},{"name":"package","value":"tests.test_steps"},{"name":"resultFormat","value":"allure2"}],"parameters":[],"links":[],"hidden":false,"retry":false,"extra":{"severity":"normal","retries":[],"categories":[{"name":"Test defects","matchedStatuses":[],"flaky":false}],"tags":[]},"source":"4a598e75d40b9871.json","parameterValues":[]}